<?xml version="1.0" encoding="UTF-8"?>
<testng-results ignored="0" total="1" passed="1" failed="0" skipped="0">
  <reporter-output>
  </reporter-output>
  <suite started-at="2020-10-23T01:14:44 IST" name="Default suite" finished-at="2020-10-23T01:15:32 IST" duration-ms="48281">
    <groups>
      <group name="regression">
        <method signature="LoginPageTc.loginWithValidCredentials()[pri:-1, instance:qa.automation.page.tests.tcases.LoginPageTc@2a54a73f]" name="loginWithValidCredentials" class="qa.automation.page.tests.tcases.LoginPageTc"/>
      </group> <!-- regression -->
    </groups>
    <test started-at="2020-10-23T01:14:44 IST" name="Default test" finished-at="2020-10-23T01:15:32 IST" duration-ms="48281">
      <class name="qa.automation.page.tests.tcases.LoginPageTc">
        <test-method is-config="true" signature="intializeClass()[pri:0, instance:qa.automation.page.tests.tcases.LoginPageTc@2a54a73f]" started-at="2020-10-23T01:14:44 IST" name="intializeClass" finished-at="2020-10-23T01:14:58 IST" duration-ms="13972" status="PASS">
          <reporter-output>
          </reporter-output>
        </test-method> <!-- intializeClass -->
        <test-method signature="loginWithValidCredentials()[pri:-1, instance:qa.automation.page.tests.tcases.LoginPageTc@2a54a73f]" started-at="2020-10-23T01:14:58 IST" name="loginWithValidCredentials" finished-at="2020-10-23T01:15:32 IST" duration-ms="34255" status="PASS">
          <reporter-output>
          </reporter-output>
        </test-method> <!-- loginWithValidCredentials -->
      </class> <!-- qa.automation.page.tests.tcases.LoginPageTc -->
    </test> <!-- Default test -->
  </suite> <!-- Default suite -->
</testng-results>
