<?xml version="1.0" encoding="UTF-8"?>
<testng-results skipped="0" failed="0" ignored="0" total="1" passed="1">
  <reporter-output>
  </reporter-output>
  <suite name="Regression Suite" duration-ms="181419" started-at="2021-01-05T15:02:07Z" finished-at="2021-01-05T15:05:09Z">
    <groups>
      <group name="regression">
        <method signature="FourWheelerTestCases.verifyInsuranceClaim()[pri:1, instance:qa.automation.page.tests.tcases.FourWheelerTestCases@62230c58]" name="verifyInsuranceClaim" class="qa.automation.page.tests.tcases.FourWheelerTestCases"/>
      </group> <!-- regression -->
    </groups>
    <test name="Ui-testing" duration-ms="181419" started-at="2021-01-05T15:02:07Z" finished-at="2021-01-05T15:05:09Z">
      <class name="qa.automation.page.tests.tcases.FourWheelerTestCases">
        <test-method status="PASS" signature="intializeClass()[pri:0, instance:qa.automation.page.tests.tcases.FourWheelerTestCases@62230c58]" name="intializeClass" is-config="true" duration-ms="13385" started-at="2021-01-05T15:02:07Z" finished-at="2021-01-05T15:02:21Z">
          <reporter-output>
          </reporter-output>
        </test-method> <!-- intializeClass -->
        <test-method status="PASS" signature="verifyInsuranceClaim()[pri:1, instance:qa.automation.page.tests.tcases.FourWheelerTestCases@62230c58]" name="verifyInsuranceClaim" duration-ms="167992" started-at="2021-01-05T15:02:21Z" finished-at="2021-01-05T15:05:09Z">
          <reporter-output>
          </reporter-output>
        </test-method> <!-- verifyInsuranceClaim -->
      </class> <!-- qa.automation.page.tests.tcases.FourWheelerTestCases -->
    </test> <!-- Ui-testing -->
  </suite> <!-- Regression Suite -->
</testng-results>
